<?xml version="1.0" encoding="UTF-8"?>
<!-- Generated by org.testng.reporters.JUnitXMLReporter -->
<testsuite hostname="LAPTOP-P21D2061" name="test" tests="9" failures="0" timestamp="13 Aug 2021 02:22:54 GMT" time="0.043" errors="0">
  <testcase name="hi1" time="0.011" classname="MavenOne.Demo"/>
  <testcase name="hi2" time="0.001" classname="MavenOne.Demo"/>
  <testcase name="hi3" time="0.0" classname="MavenOne.Demo"/>
  <testcase name="hi4" time="0.001" classname="MavenOne.Demo2"/>
  <testcase name="hi5" time="0.0" classname="MavenOne.Demo2"/>
  <testcase name="hi6" time="0.001" classname="MavenOne.Demo2"/>
  <testcase name="hi7" time="0.001" classname="MavenOne.Demo3"/>
  <testcase name="hi8" time="0.002" classname="MavenOne.Demo3"/>
  <testcase name="hi9" time="0.0" classname="MavenOne.Demo3"/>
</testsuite> <!-- test -->
