<?xml version="1.0" encoding="UTF-8"?>
<testng-results skipped="0" failed="0" total="9" passed="9">
  <reporter-output>
  </reporter-output>
  <suite name="Suite" duration-ms="43" started-at="2021-08-13T02:22:54Z" finished-at="2021-08-13T02:22:54Z">
    <groups>
    </groups>
    <test name="test" duration-ms="43" started-at="2021-08-13T02:22:54Z" finished-at="2021-08-13T02:22:54Z">
      <class name="MavenOne.Demo2">
        <test-method status="PASS" signature="hi4()[pri:0, instance:MavenOne.Demo2@6fb554cc]" name="hi4" duration-ms="1" started-at="2021-08-13T12:22:54Z" finished-at="2021-08-13T12:22:54Z">
          <reporter-output>
          </reporter-output>
        </test-method> <!-- hi4 -->
        <test-method status="PASS" signature="hi6()[pri:0, instance:MavenOne.Demo2@6fb554cc]" name="hi6" duration-ms="1" started-at="2021-08-13T12:22:54Z" finished-at="2021-08-13T12:22:54Z">
          <reporter-output>
          </reporter-output>
        </test-method> <!-- hi6 -->
        <test-method status="PASS" signature="hi5()[pri:0, instance:MavenOne.Demo2@6fb554cc]" name="hi5" duration-ms="0" started-at="2021-08-13T12:22:54Z" finished-at="2021-08-13T12:22:54Z">
          <reporter-output>
          </reporter-output>
        </test-method> <!-- hi5 -->
      </class> <!-- MavenOne.Demo2 -->
      <class name="MavenOne.Demo3">
        <test-method status="PASS" signature="hi7()[pri:0, instance:MavenOne.Demo3@60addb54]" name="hi7" duration-ms="1" started-at="2021-08-13T12:22:54Z" finished-at="2021-08-13T12:22:54Z">
          <reporter-output>
          </reporter-output>
        </test-method> <!-- hi7 -->
        <test-method status="PASS" signature="hi8()[pri:0, instance:MavenOne.Demo3@60addb54]" name="hi8" duration-ms="2" started-at="2021-08-13T12:22:54Z" finished-at="2021-08-13T12:22:54Z">
          <reporter-output>
          </reporter-output>
        </test-method> <!-- hi8 -->
        <test-method status="PASS" signature="hi9()[pri:0, instance:MavenOne.Demo3@60addb54]" name="hi9" duration-ms="0" started-at="2021-08-13T12:22:54Z" finished-at="2021-08-13T12:22:54Z">
          <reporter-output>
          </reporter-output>
        </test-method> <!-- hi9 -->
      </class> <!-- MavenOne.Demo3 -->
      <class name="MavenOne.Demo">
        <test-method status="PASS" signature="hi1()[pri:0, instance:MavenOne.Demo@42d3bd8b]" name="hi1" duration-ms="11" started-at="2021-08-13T12:22:54Z" finished-at="2021-08-13T12:22:54Z">
          <reporter-output>
          </reporter-output>
        </test-method> <!-- hi1 -->
        <test-method status="PASS" signature="hi2()[pri:0, instance:MavenOne.Demo@42d3bd8b]" name="hi2" duration-ms="1" started-at="2021-08-13T12:22:54Z" finished-at="2021-08-13T12:22:54Z">
          <reporter-output>
          </reporter-output>
        </test-method> <!-- hi2 -->
        <test-method status="PASS" signature="hi3()[pri:0, instance:MavenOne.Demo@42d3bd8b]" name="hi3" duration-ms="0" started-at="2021-08-13T12:22:54Z" finished-at="2021-08-13T12:22:54Z">
          <reporter-output>
          </reporter-output>
        </test-method> <!-- hi3 -->
      </class> <!-- MavenOne.Demo -->
    </test> <!-- test -->
  </suite> <!-- Suite -->
</testng-results>
